
Showing logs for build [32mcb-kubecd-bdd-spring-1593171113-xkz4g-1[0m stage [32mfrom-build-pack[0m and container [32mstep-credential-initializer-sn7kj[0m
{"level":"info","ts":1593172015.0887587,"logger":"fallback-logger","caller":"logging/config.go:69","msg":"Fetch GitHub commit ID from kodata failed: open /var/run/ko/refs/heads/0.8.0-ns-support: no such file or directory"}
{"level":"info","ts":1593172015.0893967,"logger":"fallback-logger","caller":"creds-init/main.go:40","msg":"Credentials initialized."}

Showing logs for build [32mcb-kubecd-bdd-spring-1593171113-xkz4g-1[0m stage [32mfrom-build-pack[0m and container [32mstep-working-dir-initializer-2wq6m[0m
{"level":"info","ts":1593172016.225716,"logger":"fallback-logger","caller":"logging/config.go:69","msg":"Fetch GitHub commit ID from kodata failed: open /var/run/ko/HEAD: no such file or directory"}
{"level":"info","ts":1593172016.2324028,"logger":"fallback-logger","caller":"bash/main.go:64","msg":"Successfully executed command \"sh -c mkdir -p /workspace/source\"; output "}

Showing logs for build [32mcb-kubecd-bdd-spring-1593171113-xkz4g-1[0m stage [32mfrom-build-pack[0m and container [32mstep-place-tools[0m

Showing logs for build [32mcb-kubecd-bdd-spring-1593171113-xkz4g-1[0m stage [32mfrom-build-pack[0m and container [32mstep-git-source-cb-kubecd-bdd-spring-1593171113-xkz4g-28mmm[0m
{"level":"info","ts":1593172023.384232,"logger":"fallback-logger","caller":"logging/config.go:69","msg":"Fetch GitHub commit ID from kodata failed: open /var/run/ko/refs/heads/0.8.0-ns-support: no such file or directory"}
{"level":"info","ts":1593172024.6736796,"logger":"fallback-logger","caller":"git/git.go:103","msg":"Successfully cloned https://github.com/cb-kubecd/bdd-spring-1593171113.git @ master in path /workspace/source"}

Showing logs for build [32mcb-kubecd-bdd-spring-1593171113-xkz4g-1[0m stage [32mfrom-build-pack[0m and container [32mstep-git-merge[0m
Using SHAs from PULL_REFS=master:d952cc3123829439f9b6a90a271358ba403d93bf,1:50166bdaf806249934653a4832e341cb1a5321e3
DEBUG: LC_ALL=C JX_LOG_LEVEL=error git fetch origin --unshallow 50166bdaf806249934653a4832e341cb1a5321e3: d952cc3123829439f9b6a90a271358ba403d93bf:
DEBUG: ran git fetch --unshallow origin 50166bdaf806249934653a4832e341cb1a5321e3: d952cc3123829439f9b6a90a271358ba403d93bf: in 
DEBUG: LC_ALL=C JX_LOG_LEVEL=error git branch
DEBUG: LC_ALL=C JX_LOG_LEVEL=error git checkout master
DEBUG: ran git checkout master in 
DEBUG: LC_ALL=C JX_LOG_LEVEL=error git reset --hard d952cc3123829439f9b6a90a271358ba403d93bf
DEBUG: ran git reset --hard d952cc3123829439f9b6a90a271358ba403d93bf in 
DEBUG: LC_ALL=C JX_LOG_LEVEL=error git clean -fd .
DEBUG: ran clean --force -d . in 
DEBUG: LC_ALL=C JX_LOG_LEVEL=error git merge 50166bdaf806249934653a4832e341cb1a5321e3
DEBUG: ran git merge 50166bdaf806249934653a4832e341cb1a5321e3 in 
DEBUG: LC_ALL=C JX_LOG_LEVEL=error git log --format=%H%x1f%an%x1f%ae%x1f%cn%x1f%ce%x1f%s%n%b%x1e d952cc3123829439f9b6a90a271358ba403d93bf..HEAD
Merged SHA 50166bdaf806249934653a4832e341cb1a5321e3 with commit message 'My first PR commit' into base branch master

Showing logs for build [32mcb-kubecd-bdd-spring-1593171113-xkz4g-1[0m stage [32mfrom-build-pack[0m and container [32mstep-build-set-version[0m
Picked up _JAVA_OPTIONS: -XX:+UnlockExperimentalVMOptions -XX:+UseCGroupMemoryLimitForHeap -Dsun.zip.disableMemoryMapping=true -XX:+UseParallelGC -XX:MinHeapFreeRatio=5 -XX:MaxHeapFreeRatio=10 -XX:GCTimeRatio=4 -XX:AdaptiveSizePolicyWeight=90 -Xms10m -Xmx192m
OpenJDK 64-Bit Server VM warning: If the number of processors is expected to increase from one, then you should configure the number of parallel GC threads appropriately using -XX:ParallelGCThreads=N
[INFO] Scanning for projects...
[INFO] 
[INFO] -----------------< com.example:bdd-spring-1593171113 >------------------
[INFO] Building demo 0.0.1-SNAPSHOT
[INFO] --------------------------------[ jar ]---------------------------------
[INFO] 
[INFO] --- versions-maven-plugin:2.7:set (default-cli) @ bdd-spring-1593171113 ---
[INFO] Searching for local aggregator root...
[INFO] Local aggregation root: /workspace/source
[INFO] Processing change of com.example:bdd-spring-1593171113:0.0.1-SNAPSHOT -> 0.0.0-SNAPSHOT-PR-1-1
[INFO] Processing com.example:bdd-spring-1593171113
[INFO]     Updating project com.example:bdd-spring-1593171113
[INFO]         from version 0.0.1-SNAPSHOT to 0.0.0-SNAPSHOT-PR-1-1
[INFO] 
[INFO] ------------------------------------------------------------------------
[INFO] BUILD SUCCESS
[INFO] ------------------------------------------------------------------------
[INFO] Total time:  17.667 s
[INFO] Finished at: 2020-06-26T11:47:28Z
[INFO] ------------------------------------------------------------------------

Showing logs for build [32mcb-kubecd-bdd-spring-1593171113-xkz4g-1[0m stage [32mfrom-build-pack[0m and container [32mstep-build-mvn-install[0m
Picked up _JAVA_OPTIONS: -XX:+UnlockExperimentalVMOptions -XX:+UseCGroupMemoryLimitForHeap -Dsun.zip.disableMemoryMapping=true -XX:+UseParallelGC -XX:MinHeapFreeRatio=5 -XX:MaxHeapFreeRatio=10 -XX:GCTimeRatio=4 -XX:AdaptiveSizePolicyWeight=90 -Xms10m -Xmx192m
OpenJDK 64-Bit Server VM warning: If the number of processors is expected to increase from one, then you should configure the number of parallel GC threads appropriately using -XX:ParallelGCThreads=N
[INFO] Scanning for projects...
[INFO] 
[INFO] -----------------< com.example:bdd-spring-1593171113 >------------------
[INFO] Building demo 0.0.0-SNAPSHOT-PR-1-1
[INFO] --------------------------------[ jar ]---------------------------------
[INFO] 
[INFO] --- maven-resources-plugin:3.1.0:resources (default-resources) @ bdd-spring-1593171113 ---
[INFO] Using 'UTF-8' encoding to copy filtered resources.
[INFO] Copying 1 resource
[INFO] Copying 0 resource
[INFO] 
[INFO] --- maven-compiler-plugin:3.8.1:compile (default-compile) @ bdd-spring-1593171113 ---
[INFO] Changes detected - recompiling the module!
[INFO] Compiling 1 source file to /workspace/source/target/classes
[INFO] 
[INFO] --- maven-resources-plugin:3.1.0:testResources (default-testResources) @ bdd-spring-1593171113 ---
[INFO] Using 'UTF-8' encoding to copy filtered resources.
[INFO] skip non existing resourceDirectory /workspace/source/src/test/resources
[INFO] 
[INFO] --- maven-compiler-plugin:3.8.1:testCompile (default-testCompile) @ bdd-spring-1593171113 ---
[INFO] Changes detected - recompiling the module!
[INFO] Compiling 1 source file to /workspace/source/target/test-classes
[INFO] 
[INFO] --- maven-surefire-plugin:3.0.0-M1:test (default-test) @ bdd-spring-1593171113 ---
[INFO] 
[INFO] -------------------------------------------------------
[INFO]  T E S T S
[INFO] -------------------------------------------------------
[INFO] Running com.example.bddspring1593171113.DemoApplicationTests
11:47:48.580 [main] DEBUG org.springframework.test.context.BootstrapUtils - Instantiating CacheAwareContextLoaderDelegate from class [org.springframework.test.context.cache.DefaultCacheAwareContextLoaderDelegate]
11:47:48.605 [main] DEBUG org.springframework.test.context.BootstrapUtils - Instantiating BootstrapContext using constructor [public org.springframework.test.context.support.DefaultBootstrapContext(java.lang.Class,org.springframework.test.context.CacheAwareContextLoaderDelegate)]
11:47:48.691 [main] DEBUG org.springframework.test.context.BootstrapUtils - Instantiating TestContextBootstrapper for test class [com.example.bddspring1593171113.DemoApplicationTests] from class [org.springframework.boot.test.context.SpringBootTestContextBootstrapper]
11:47:48.763 [main] INFO org.springframework.boot.test.context.SpringBootTestContextBootstrapper - Neither @ContextConfiguration nor @ContextHierarchy found for test class [com.example.bddspring1593171113.DemoApplicationTests], using SpringBootContextLoader
11:47:48.768 [main] DEBUG org.springframework.test.context.support.AbstractContextLoader - Did not detect default resource location for test class [com.example.bddspring1593171113.DemoApplicationTests]: class path resource [com/example/bddspring1593171113/DemoApplicationTests-context.xml] does not exist
11:47:48.770 [main] DEBUG org.springframework.test.context.support.AbstractContextLoader - Did not detect default resource location for test class [com.example.bddspring1593171113.DemoApplicationTests]: class path resource [com/example/bddspring1593171113/DemoApplicationTestsContext.groovy] does not exist
11:47:48.770 [main] INFO org.springframework.test.context.support.AbstractContextLoader - Could not detect default resource locations for test class [com.example.bddspring1593171113.DemoApplicationTests]: no resource found for suffixes {-context.xml, Context.groovy}.
11:47:48.772 [main] INFO org.springframework.test.context.support.AnnotationConfigContextLoaderUtils - Could not detect default configuration classes for test class [com.example.bddspring1593171113.DemoApplicationTests]: DemoApplicationTests does not declare any static, non-private, non-final, nested classes annotated with @Configuration.
11:47:48.882 [main] DEBUG org.springframework.test.context.support.ActiveProfilesUtils - Could not find an 'annotation declaring class' for annotation type [org.springframework.test.context.ActiveProfiles] and class [com.example.bddspring1593171113.DemoApplicationTests]
11:47:49.072 [main] DEBUG org.springframework.context.annotation.ClassPathScanningCandidateComponentProvider - Identified candidate component class: file [/workspace/source/target/classes/com/example/bddspring1593171113/DemoApplication.class]
11:47:49.079 [main] INFO org.springframework.boot.test.context.SpringBootTestContextBootstrapper - Found @SpringBootConfiguration com.example.bddspring1593171113.DemoApplication for test class com.example.bddspring1593171113.DemoApplicationTests
11:47:49.285 [main] DEBUG org.springframework.boot.test.context.SpringBootTestContextBootstrapper - @TestExecutionListeners is not present for class [com.example.bddspring1593171113.DemoApplicationTests]: using defaults.
11:47:49.287 [main] INFO org.springframework.boot.test.context.SpringBootTestContextBootstrapper - Loaded default TestExecutionListener class names from location [META-INF/spring.factories]: [org.springframework.boot.test.mock.mockito.MockitoTestExecutionListener, org.springframework.boot.test.mock.mockito.ResetMocksTestExecutionListener, org.springframework.boot.test.autoconfigure.restdocs.RestDocsTestExecutionListener, org.springframework.boot.test.autoconfigure.web.client.MockRestServiceServerResetTestExecutionListener, org.springframework.boot.test.autoconfigure.web.servlet.MockMvcPrintOnlyOnFailureTestExecutionListener, org.springframework.boot.test.autoconfigure.web.servlet.WebDriverTestExecutionListener, org.springframework.boot.test.autoconfigure.webservices.client.MockWebServiceServerTestExecutionListener, org.springframework.test.context.web.ServletTestExecutionListener, org.springframework.test.context.support.DirtiesContextBeforeModesTestExecutionListener, org.springframework.test.context.support.DependencyInjectionTestExecutionListener, org.springframework.test.context.support.DirtiesContextTestExecutionListener, org.springframework.test.context.transaction.TransactionalTestExecutionListener, org.springframework.test.context.jdbc.SqlScriptsTestExecutionListener, org.springframework.test.context.event.EventPublishingTestExecutionListener]
11:47:49.357 [main] DEBUG org.springframework.boot.test.context.SpringBootTestContextBootstrapper - Skipping candidate TestExecutionListener [org.springframework.test.context.transaction.TransactionalTestExecutionListener] due to a missing dependency. Specify custom listener classes or make the default listener classes and their required dependencies available. Offending class: [org/springframework/transaction/TransactionDefinition]
11:47:49.368 [main] DEBUG org.springframework.boot.test.context.SpringBootTestContextBootstrapper - Skipping candidate TestExecutionListener [org.springframework.test.context.jdbc.SqlScriptsTestExecutionListener] due to a missing dependency. Specify custom listener classes or make the default listener classes and their required dependencies available. Offending class: [org/springframework/transaction/interceptor/TransactionAttribute]
11:47:49.371 [main] INFO org.springframework.boot.test.context.SpringBootTestContextBootstrapper - Using TestExecutionListeners: [org.springframework.test.context.web.ServletTestExecutionListener@3232a28a, org.springframework.test.context.support.DirtiesContextBeforeModesTestExecutionListener@73e22a3d, org.springframework.boot.test.mock.mockito.MockitoTestExecutionListener@47faa49c, org.springframework.boot.test.autoconfigure.SpringBootDependencyInjectionTestExecutionListener@28f2a10f, org.springframework.test.context.support.DirtiesContextTestExecutionListener@f736069, org.springframework.test.context.event.EventPublishingTestExecutionListener@6da21078, org.springframework.boot.test.mock.mockito.ResetMocksTestExecutionListener@7fee8714, org.springframework.boot.test.autoconfigure.restdocs.RestDocsTestExecutionListener@4229bb3f, org.springframework.boot.test.autoconfigure.web.client.MockRestServiceServerResetTestExecutionListener@56cdfb3b, org.springframework.boot.test.autoconfigure.web.servlet.MockMvcPrintOnlyOnFailureTestExecutionListener@2b91004a, org.springframework.boot.test.autoconfigure.web.servlet.WebDriverTestExecutionListener@20ccf40b, org.springframework.boot.test.autoconfigure.webservices.client.MockWebServiceServerTestExecutionListener@2fb3536e]
11:47:49.383 [main] DEBUG org.springframework.test.context.support.AbstractDirtiesContextTestExecutionListener - Before test class: context [DefaultTestContext@614ca7df testClass = DemoApplicationTests, testInstance = [null], testMethod = [null], testException = [null], mergedContextConfiguration = [WebMergedContextConfiguration@4738a206 testClass = DemoApplicationTests, locations = '{}', classes = '{class com.example.bddspring1593171113.DemoApplication}', contextInitializerClasses = '[]', activeProfiles = '{}', propertySourceLocations = '{}', propertySourceProperties = '{org.springframework.boot.test.context.SpringBootTestContextBootstrapper=true}', contextCustomizers = set[org.springframework.boot.test.context.filter.ExcludeFilterContextCustomizer@1fe20588, org.springframework.boot.test.json.DuplicateJsonObjectContextCustomizerFactory$DuplicateJsonObjectContextCustomizer@2ddc8ecb, org.springframework.boot.test.mock.mockito.MockitoContextCustomizer@0, org.springframework.boot.test.web.client.TestRestTemplateContextCustomizer@647fd8ce, org.springframework.boot.test.autoconfigure.properties.PropertyMappingContextCustomizer@0, org.springframework.boot.test.autoconfigure.web.servlet.WebDriverContextCustomizerFactory$Customizer@3967e60c, org.springframework.boot.test.context.SpringBootTestArgs@1], resourceBasePath = 'src/main/webapp', contextLoader = 'org.springframework.boot.test.context.SpringBootContextLoader', parent = [null]], attributes = map['org.springframework.test.context.web.ServletTestExecutionListener.activateListener' -> true]], class annotated with @DirtiesContext [false] with mode [null].
11:47:49.489 [main] DEBUG org.springframework.test.context.support.TestPropertySourceUtils - Adding inlined properties to environment: {spring.jmx.enabled=false, org.springframework.boot.test.context.SpringBootTestContextBootstrapper=true}

  .   ____          _            __ _ _
 /\\ / ___'_ __ _ _(_)_ __  __ _ \ \ \ \
( ( )\___ | '_ | '_| | '_ \/ _` | \ \ \ \
 \\/  ___)| |_)| | | | | || (_| |  ) ) ) )
  '  |____| .__|_| |_|_| |_\__, | / / / /
 =========|_|==============|___/=/_/_/_/
 :: Spring Boot ::        (v2.3.1.RELEASE)

2020-06-26 11:47:50.186  INFO 65 --- [           main] c.e.b.DemoApplicationTests               : Starting DemoApplicationTests on cb-kubecd-bdd-spring-1593171113-xkz4g-1-from-build-pack-clhzt-p with PID 65 (started by root in /workspace/source)
2020-06-26 11:47:50.190  INFO 65 --- [           main] c.e.b.DemoApplicationTests               : No active profile set, falling back to default profiles: default
2020-06-26 11:47:57.260  INFO 65 --- [           main] o.s.s.concurrent.ThreadPoolTaskExecutor  : Initializing ExecutorService 'applicationTaskExecutor'
2020-06-26 11:47:58.927  INFO 65 --- [           main] o.s.b.a.e.web.EndpointLinksResolver      : Exposing 2 endpoint(s) beneath base path '/actuator'
2020-06-26 11:47:59.169  INFO 65 --- [           main] c.e.b.DemoApplicationTests               : Started DemoApplicationTests in 9.655 seconds (JVM running for 12.215)
[INFO] Tests run: 1, Failures: 0, Errors: 0, Skipped: 0, Time elapsed: 11.324 s - in com.example.bddspring1593171113.DemoApplicationTests
2020-06-26 11:47:59.954  INFO 65 --- [extShutdownHook] o.s.s.concurrent.ThreadPoolTaskExecutor  : Shutting down ExecutorService 'applicationTaskExecutor'
[INFO] 
[INFO] Results:
[INFO] 
[INFO] Tests run: 1, Failures: 0, Errors: 0, Skipped: 0
[INFO] 
[INFO] 
[INFO] --- maven-jar-plugin:3.2.0:jar (default-jar) @ bdd-spring-1593171113 ---
[INFO] Building jar: /workspace/source/target/bdd-spring-1593171113-0.0.0-SNAPSHOT-PR-1-1.jar
[INFO] 
[INFO] --- spring-boot-maven-plugin:2.3.1.RELEASE:repackage (repackage) @ bdd-spring-1593171113 ---
[INFO] Replacing main artifact with repackaged archive
[INFO] 
[INFO] --- maven-install-plugin:2.5.2:install (default-install) @ bdd-spring-1593171113 ---
[INFO] Installing /workspace/source/target/bdd-spring-1593171113-0.0.0-SNAPSHOT-PR-1-1.jar to /home/jenkins/.mvnrepository/com/example/bdd-spring-1593171113/0.0.0-SNAPSHOT-PR-1-1/bdd-spring-1593171113-0.0.0-SNAPSHOT-PR-1-1.jar
[INFO] Installing /workspace/source/pom.xml to /home/jenkins/.mvnrepository/com/example/bdd-spring-1593171113/0.0.0-SNAPSHOT-PR-1-1/bdd-spring-1593171113-0.0.0-SNAPSHOT-PR-1-1.pom
[INFO] ------------------------------------------------------------------------
[INFO] BUILD SUCCESS
[INFO] ------------------------------------------------------------------------
[INFO] Total time:  32.913 s
[INFO] Finished at: 2020-06-26T11:48:05Z
[INFO] ------------------------------------------------------------------------

Showing logs for build [32mcb-kubecd-bdd-spring-1593171113-xkz4g-1[0m stage [32mfrom-build-pack[0m and container [32mstep-build-skaffold-version[0m
v1.0.1

Showing logs for build [32mcb-kubecd-bdd-spring-1593171113-xkz4g-1[0m stage [32mfrom-build-pack[0m and container [32mstep-build-container-build[0m
E0626 11:48:06.822365      10 aws_credentials.go:77] while getting AWS credentials NoCredentialProviders: no valid providers in chain. Deprecated.
	For verbose messaging see aws.Config.CredentialsChainVerboseErrors
[36mINFO[0m[0001] Using dockerignore file: /workspace/source/.dockerignore 
[36mINFO[0m[0001] Retrieving image manifest openjdk:8-jdk-slim 
E0626 11:48:07.178735      10 metadata.go:154] while reading 'google-dockercfg' metadata: http status code: 404 while fetching url http://metadata.google.internal./computeMetadata/v1/instance/attributes/google-dockercfg
E0626 11:48:07.182334      10 metadata.go:166] while reading 'google-dockercfg-url' metadata: http status code: 404 while fetching url http://metadata.google.internal./computeMetadata/v1/instance/attributes/google-dockercfg-url
[36mINFO[0m[0002] Retrieving image manifest openjdk:8-jdk-slim 
[36mINFO[0m[0003] Built cross stage deps: map[]                
[36mINFO[0m[0003] Retrieving image manifest openjdk:8-jdk-slim 
[36mINFO[0m[0004] Retrieving image manifest openjdk:8-jdk-slim 
[36mINFO[0m[0005] Executing 0 build triggers                   
[36mINFO[0m[0005] cmd: EXPOSE                                  
[36mINFO[0m[0005] Adding exposed port: 8080/tcp                
[36mINFO[0m[0005] Resolving srcs [pom.xml target/lib*]...      
[36mINFO[0m[0005] Checking for cached layer gcr.io/jenkins-x-bdd3/cache:12bd80db9191d058097681d3a588452b4eecec4bc2af21a3c51626da78165e4b... 
[36mINFO[0m[0005] No cached layer found for cmd COPY pom.xml target/lib* /opt/lib/ 
[36mINFO[0m[0005] Resolving srcs [target/*.jar]...             
[36mINFO[0m[0005] Unpacking rootfs as cmd COPY pom.xml target/lib* /opt/lib/ requires it. 
[36mINFO[0m[0013] ENV PORT 8080                                
[36mINFO[0m[0013] No files changed in this command, skipping snapshotting. 
[36mINFO[0m[0013] ENV CLASSPATH /opt/lib                       
[36mINFO[0m[0013] No files changed in this command, skipping snapshotting. 
[36mINFO[0m[0013] EXPOSE 8080                                  
[36mINFO[0m[0013] cmd: EXPOSE                                  
[36mINFO[0m[0013] Adding exposed port: 8080/tcp                
[36mINFO[0m[0013] No files changed in this command, skipping snapshotting. 
[36mINFO[0m[0013] Resolving srcs [pom.xml target/lib*]...      
[36mINFO[0m[0013] COPY pom.xml target/lib* /opt/lib/           
[36mINFO[0m[0013] Resolving srcs [pom.xml target/lib*]...      
[36mINFO[0m[0013] Resolving 1 paths                            
[36mINFO[0m[0013] Taking snapshot of files...                  
[36mINFO[0m[0013] Resolving srcs [target/*.jar]...             
[36mINFO[0m[0013] Pushing layer gcr.io/jenkins-x-bdd3/cache:12bd80db9191d058097681d3a588452b4eecec4bc2af21a3c51626da78165e4b to cache now 
[36mINFO[0m[0013] COPY target/*.jar /opt/app.jar               
[36mINFO[0m[0013] Resolving srcs [target/*.jar]...             
[36mINFO[0m[0013] Resolving 1 paths                            
[36mINFO[0m[0013] Taking snapshot of files...                  
[36mINFO[0m[0014] Pushing layer gcr.io/jenkins-x-bdd3/cache:a060199233b95ee2b66d40036dc5296413804b372b863bec45c9244e4622827a to cache now 
[36mINFO[0m[0014] WORKDIR /opt                                 
[36mINFO[0m[0014] cmd: workdir                                 
[36mINFO[0m[0014] Changed working directory to /opt            
[36mINFO[0m[0014] No files changed in this command, skipping snapshotting. 
[36mINFO[0m[0014] CMD ["java", "-XX:+UnlockExperimentalVMOptions", "-XX:+UseCGroupMemoryLimitForHeap", "-jar", "app.jar"] 
[36mINFO[0m[0014] No files changed in this command, skipping snapshotting. 

Showing logs for build [32mcb-kubecd-bdd-spring-1593171113-xkz4g-1[0m stage [32mfrom-build-pack[0m and container [32mstep-postbuild-post-build[0m
no CVE provider running in the current ** namespace so skip adding image to be analysed

Showing logs for build [32mcb-kubecd-bdd-spring-1593171113-xkz4g-1[0m stage [32mfrom-build-pack[0m and container [32mstep-promote-make-preview[0m
sed -i -e "s/version:.*/version: 0.0.0-SNAPSHOT-PR-1-1/" Chart.yaml
sed -i -e "s/version:.*/version: 0.0.0-SNAPSHOT-PR-1-1/" ../*/Chart.yaml
sed -i -e "s|repository:.*|repository: gcr.io\/jenkins-x-bdd3\/bdd-spring-1593171113|" values.yaml
sed -i -e "s/tag:.*/tag: 0.0.0-SNAPSHOT-PR-1-1/" values.yaml
echo "  version: 0.0.0-SNAPSHOT-PR-1-1" >> requirements.yaml
** step helm build
WARNING: No $CHART_REPOSITORY defined so using the default value of: http://jenkins-x-chartmuseum:8080
Adding missing Helm repo: storage.googleapis.com https://storage.googleapis.com/chartmuseum.jenkins-x.io
WARNING: No secrets found on "helm/repos" due: reading the secret "helm/repos" from vault: no secret "helm/repos" not found in vault
Read credentials for https://storage.googleapis.com/chartmuseum.jenkins-x.io from vault helm/repos
Successfully added Helm repository storage.googleapis.com.
Adding missing Helm repo: jenkins-x-chartmuseum http://jenkins-x-chartmuseum:8080
WARNING: No secrets found on "helm/repos" due: reading the secret "helm/repos" from vault: no secret "helm/repos" not found in vault
Read credentials for http://jenkins-x-chartmuseum:8080 from vault helm/repos
Successfully added Helm repository jenkins-x-chartmuseum.
WARNING: No $CHART_REPOSITORY defined so using the default value of: http://jenkins-x-chartmuseum:8080
Adding missing Helm repo: chartmuseum.jenkins-x.io http://chartmuseum.jenkins-x.io
WARNING: No secrets found on "helm/repos" due: reading the secret "helm/repos" from vault: no secret "helm/repos" not found in vault
Read credentials for http://chartmuseum.jenkins-x.io from vault helm/repos
Successfully added Helm repository chartmuseum.jenkins-x.io.

Showing logs for build [32mcb-kubecd-bdd-spring-1593171113-xkz4g-1[0m stage [32mfrom-build-pack[0m and container [32mstep-promote-jx-preview[0m
Creating a preview
Created environment cb-kubecd-bdd-spring-1593171113-pr-1
Namespace **-cb-kubecd-bdd-spring-1593171113-pr-1 created 
expose:
  Annotations:
    helm.sh/hook: post-install,post-upgrade
    helm.sh/hook-delete-policy: hook-succeeded
  config:
    domain: c**d10.bdd.jenkins-x.rocks
    exposer: Ingress
    http: "true"
preview:
  image:
    repository: gcr.io/jenkins-x-bdd3/bdd-spring-1593171113
    tag: 0.0.0-SNAPSHOT-PR-1-1

Updating PipelineActivities cb-kubecd-bdd-spring-1593171113-pr-1-1 which has status Running
WARNING: preview application http://bdd-spring-1593171113.**-cb-kubecd-bdd-spring-1593171113-pr-1.c**d10.bdd.jenkins-x.rocks not available, error was Get http://bdd-spring-1593171113.**-cb-kubecd-bdd-spring-1593171113-pr-1.c**d10.bdd.jenkins-x.rocks: dial tcp: lookup bdd-spring-1593171113.**-cb-kubecd-bdd-spring-1593171113-pr-1.c**d10.bdd.jenkins-x.rocks on 10.23.240.10:53: no such host, delaying for: 911.540363ms
WARNING: preview application http://bdd-spring-1593171113.**-cb-kubecd-bdd-spring-1593171113-pr-1.c**d10.bdd.jenkins-x.rocks not available, error was Get http://bdd-spring-1593171113.**-cb-kubecd-bdd-spring-1593171113-pr-1.c**d10.bdd.jenkins-x.rocks: dial tcp: lookup bdd-spring-1593171113.**-cb-kubecd-bdd-spring-1593171113-pr-1.c**d10.bdd.jenkins-x.rocks on 10.23.240.10:53: no such host, delaying for: 1.718750062s
WARNING: preview application http://bdd-spring-1593171113.**-cb-kubecd-bdd-spring-1593171113-pr-1.c**d10.bdd.jenkins-x.rocks not available, error was Get http://bdd-spring-1593171113.**-cb-kubecd-bdd-spring-1593171113-pr-1.c**d10.bdd.jenkins-x.rocks: dial tcp: lookup bdd-spring-1593171113.**-cb-kubecd-bdd-spring-1593171113-pr-1.c**d10.bdd.jenkins-x.rocks on 10.23.240.10:53: no such host, delaying for: 2.576337449s
WARNING: preview application http://bdd-spring-1593171113.**-cb-kubecd-bdd-spring-1593171113-pr-1.c**d10.bdd.jenkins-x.rocks not available, error was Get http://bdd-spring-1593171113.**-cb-kubecd-bdd-spring-1593171113-pr-1.c**d10.bdd.jenkins-x.rocks: dial tcp: lookup bdd-spring-1593171113.**-cb-kubecd-bdd-spring-1593171113-pr-1.c**d10.bdd.jenkins-x.rocks on 10.23.240.10:53: no such host, delaying for: 4.987451737s
WARNING: preview application http://bdd-spring-1593171113.**-cb-kubecd-bdd-spring-1593171113-pr-1.c**d10.bdd.jenkins-x.rocks not available, error was Get http://bdd-spring-1593171113.**-cb-kubecd-bdd-spring-1593171113-pr-1.c**d10.bdd.jenkins-x.rocks: dial tcp: lookup bdd-spring-1593171113.**-cb-kubecd-bdd-spring-1593171113-pr-1.c**d10.bdd.jenkins-x.rocks on 10.23.240.10:53: no such host, delaying for: 2.879328238s
WARNING: preview application http://bdd-spring-1593171113.**-cb-kubecd-bdd-spring-1593171113-pr-1.c**d10.bdd.jenkins-x.rocks not available, error was Get http://bdd-spring-1593171113.**-cb-kubecd-bdd-spring-1593171113-pr-1.c**d10.bdd.jenkins-x.rocks: dial tcp: lookup bdd-spring-1593171113.**-cb-kubecd-bdd-spring-1593171113-pr-1.c**d10.bdd.jenkins-x.rocks on 10.23.240.10:53: no such host, delaying for: 9.916463735s
WARNING: preview application http://bdd-spring-1593171113.**-cb-kubecd-bdd-spring-1593171113-pr-1.c**d10.bdd.jenkins-x.rocks not available, error was Get http://bdd-spring-1593171113.**-cb-kubecd-bdd-spring-1593171113-pr-1.c**d10.bdd.jenkins-x.rocks: dial tcp: lookup bdd-spring-1593171113.**-cb-kubecd-bdd-spring-1593171113-pr-1.c**d10.bdd.jenkins-x.rocks on 10.23.240.10:53: no such host, delaying for: 6.18421683s
WARNING: preview application http://bdd-spring-1593171113.**-cb-kubecd-bdd-spring-1593171113-pr-1.c**d10.bdd.jenkins-x.rocks not available, error was Get http://bdd-spring-1593171113.**-cb-kubecd-bdd-spring-1593171113-pr-1.c**d10.bdd.jenkins-x.rocks: dial tcp: lookup bdd-spring-1593171113.**-cb-kubecd-bdd-spring-1593171113-pr-1.c**d10.bdd.jenkins-x.rocks on 10.23.240.10:53: no such host, delaying for: 10.254969594s
WARNING: preview application http://bdd-spring-1593171113.**-cb-kubecd-bdd-spring-1593171113-pr-1.c**d10.bdd.jenkins-x.rocks not available, error was Get http://bdd-spring-1593171113.**-cb-kubecd-bdd-spring-1593171113-pr-1.c**d10.bdd.jenkins-x.rocks: dial tcp: lookup bdd-spring-1593171113.**-cb-kubecd-bdd-spring-1593171113-pr-1.c**d10.bdd.jenkins-x.rocks on 10.23.240.10:53: no such host, delaying for: 36.178115353s
WARNING: preview application http://bdd-spring-1593171113.**-cb-kubecd-bdd-spring-1593171113-pr-1.c**d10.bdd.jenkins-x.rocks not available, error was Get http://bdd-spring-1593171113.**-cb-kubecd-bdd-spring-1593171113-pr-1.c**d10.bdd.jenkins-x.rocks: dial tcp: lookup bdd-spring-1593171113.**-cb-kubecd-bdd-spring-1593171113-pr-1.c**d10.bdd.jenkins-x.rocks on 10.23.240.10:53: no such host, delaying for: 24.376325342s
WARNING: preview application http://bdd-spring-1593171113.**-cb-kubecd-bdd-spring-1593171113-pr-1.c**d10.bdd.jenkins-x.rocks not available, error was Get http://bdd-spring-1593171113.**-cb-kubecd-bdd-spring-1593171113-pr-1.c**d10.bdd.jenkins-x.rocks: dial tcp: lookup bdd-spring-1593171113.**-cb-kubecd-bdd-spring-1593171113-pr-1.c**d10.bdd.jenkins-x.rocks on 10.23.240.10:53: no such host, delaying for: 1m21.293939425s
WARNING: preview application http://bdd-spring-1593171113.**-cb-kubecd-bdd-spring-1593171113-pr-1.c**d10.bdd.jenkins-x.rocks not available, error was Get http://bdd-spring-1593171113.**-cb-kubecd-bdd-spring-1593171113-pr-1.c**d10.bdd.jenkins-x.rocks: dial tcp: lookup bdd-spring-1593171113.**-cb-kubecd-bdd-spring-1593171113-pr-1.c**d10.bdd.jenkins-x.rocks on 10.23.240.10:53: no such host, delaying for: 57.533067234s
Preview application is now available at: http://bdd-spring-1593171113.**-cb-kubecd-bdd-spring-1593171113-pr-1.c**d10.bdd.jenkins-x.rocks
